Title matches
User logged in
Home Page loaded and Admin tab is visible
user logout
Title matches
Title matches
Title matches
Title matches
User logged in
Title matches
User logged in
Home Page loaded and Admin tab is visible
user logout
2025-03-22 22:06:10 [main] INFO  com.orangehrm.test.DummyClass - Title matches
2025-03-22 22:06:24 [main] INFO  com.orangehrm.test.LoginPageTest - User logged in
2025-03-22 22:06:24 [main] INFO  com.orangehrm.test.LoginPageTest - Home Page loaded and Admin tab is visible
2025-03-22 22:06:30 [main] INFO  com.orangehrm.test.LoginPageTest - user logout
2025-03-22 22:09:49 [main] INFO  com.orangehrm.test.DummyClass - Title matches
2025-03-22 22:10:04 [main] INFO  com.orangehrm.test.LoginPageTest - User logged in
2025-03-22 22:10:05 [main] INFO  com.orangehrm.test.LoginPageTest - Home Page loaded and Admin tab is visible
2025-03-22 22:10:11 [main] INFO  com.orangehrm.test.LoginPageTest - user logout
2025-03-22 22:17:46 [main] INFO  com.orangehrm.test.DummyClass - Title matches
2025-03-22 22:17:59 [main] INFO  com.orangehrm.test.LoginPageTest - User logged in
2025-03-22 22:17:59 [main] INFO  com.orangehrm.test.LoginPageTest - Home Page loaded and Admin tab is visible
2025-03-22 22:18:05 [main] INFO  com.orangehrm.test.LoginPageTest - user logout
2025-03-22 22:30:40 [main] INFO  com.orangehrm.test.DummyClass - Title matches
2025-03-22 22:30:50 [main] INFO  com.orangehrm.test.LoginPageTest - User logged in
2025-03-22 22:30:51 [main] INFO  com.orangehrm.test.LoginPageTest - Home Page loaded and Admin tab is visible
2025-03-22 22:30:57 [main] INFO  com.orangehrm.test.LoginPageTest - user logout
2025-03-22 22:38:14 [main] INFO  com.orangehrm.test.DummyClass - Title matches
2025-03-22 22:38:29 [main] INFO  com.orangehrm.test.LoginPageTest - User logged in
2025-03-22 22:38:30 [main] INFO  com.orangehrm.test.LoginPageTest - Home Page loaded and Admin tab is visible
2025-03-22 22:38:36 [main] INFO  com.orangehrm.test.LoginPageTest - user logout
2025-03-23 17:02:15 [TestNG-test-OrangeHRMTest-1] INFO  com.orangehrm.test.DummyClass - Title matches
2025-03-23 17:22:24 [TestNG-test-OrangeHRMTest-2] INFO  com.orangehrm.test.LoginPageTest - User logged in
2025-03-23 17:22:25 [TestNG-test-OrangeHRMTest-1] INFO  com.orangehrm.test.DummyClass - Title matches
2025-03-23 17:23:30 [TestNG-test-OrangeHRMTest-2] INFO  com.orangehrm.test.LoginPageTest - User logged in
2025-03-23 17:23:30 [TestNG-test-OrangeHRMTest-1] INFO  com.orangehrm.test.DummyClass - Title matches
2025-03-23 20:51:44 [main] INFO  com.orangehrm.test.DummyClass - Title matches
2025-03-23 20:51:54 [main] INFO  com.orangehrm.test.LoginPageTest - User logged in
2025-03-23 20:51:54 [main] INFO  com.orangehrm.test.LoginPageTest - Home Page loaded and Admin tab is visible
2025-03-23 20:52:00 [main] INFO  com.orangehrm.test.LoginPageTest - user logout
2025-03-23 20:55:12 [main] INFO  com.orangehrm.test.DummyClass - Title matches
2025-03-23 20:55:24 [main] INFO  com.orangehrm.test.LoginPageTest - User logged in
2025-03-23 20:55:24 [main] INFO  com.orangehrm.test.LoginPageTest - Home Page loaded and Admin tab is visible
2025-03-23 20:55:30 [main] INFO  com.orangehrm.test.LoginPageTest - user logout
2025-03-23 20:57:37 [main] INFO  com.orangehrm.test.DummyClass - Title matches
2025-03-23 20:57:47 [main] INFO  com.orangehrm.test.LoginPageTest - User logged in
2025-03-23 20:57:47 [main] INFO  com.orangehrm.test.LoginPageTest - Home Page loaded and Admin tab is visible
2025-03-23 20:57:53 [main] INFO  com.orangehrm.test.LoginPageTest - user logout
2025-03-23 20:59:20 [main] INFO  com.orangehrm.test.DummyClass - Title matches
2025-03-23 20:59:30 [main] INFO  com.orangehrm.test.LoginPageTest - User logged in
2025-03-23 20:59:31 [main] INFO  com.orangehrm.test.LoginPageTest - Home Page loaded and Admin tab is visible
2025-03-23 20:59:37 [main] INFO  com.orangehrm.test.LoginPageTest - user logout
2025-03-23 21:00:58 [main] INFO  com.orangehrm.test.DummyClass - Title matches
2025-03-23 21:01:08 [main] INFO  com.orangehrm.test.LoginPageTest - User logged in
2025-03-23 21:01:09 [main] INFO  com.orangehrm.test.LoginPageTest - Home Page loaded and Admin tab is visible
2025-03-23 21:01:15 [main] INFO  com.orangehrm.test.LoginPageTest - user logout
2025-03-23 21:04:33 [main] INFO  com.orangehrm.test.DummyClass - Title matches
2025-03-23 21:04:43 [main] INFO  com.orangehrm.test.LoginPageTest - User logged in
2025-03-23 21:04:44 [main] INFO  com.orangehrm.test.LoginPageTest - Home Page loaded and Admin tab is visible
2025-03-23 21:04:50 [main] INFO  com.orangehrm.test.LoginPageTest - user logout
2025-03-23 21:08:33 [main] INFO  com.orangehrm.test.DummyClass - Title matches
2025-03-23 21:08:45 [main] INFO  com.orangehrm.test.LoginPageTest - User logged in
2025-03-23 21:08:45 [main] INFO  com.orangehrm.test.LoginPageTest - Home Page loaded and Admin tab is visible
2025-03-23 21:08:51 [main] INFO  com.orangehrm.test.LoginPageTest - user logout
2025-03-23 21:29:10 [main] INFO  com.orangehrm.test.DummyClass - Title matches
2025-03-23 21:29:22 [main] INFO  com.orangehrm.test.LoginPageTest - User logged in
2025-03-23 21:29:22 [main] INFO  com.orangehrm.test.LoginPageTest - Home Page loaded and Admin tab is visible
2025-03-23 21:29:28 [main] INFO  com.orangehrm.test.LoginPageTest - user logout
2025-03-23 21:30:18 [main] INFO  com.orangehrm.test.DummyClass - Title matches
2025-03-23 21:30:28 [main] INFO  com.orangehrm.test.LoginPageTest - User logged in
2025-03-23 21:30:28 [main] INFO  com.orangehrm.test.LoginPageTest - Home Page loaded and Admin tab is visible
2025-03-23 21:30:34 [main] INFO  com.orangehrm.test.LoginPageTest - user logout
2025-03-23 21:31:14 [main] INFO  com.orangehrm.test.DummyClass - Title matches
2025-03-23 21:31:24 [main] INFO  com.orangehrm.test.LoginPageTest - User logged in
2025-03-23 21:31:24 [main] INFO  com.orangehrm.test.LoginPageTest - Home Page loaded and Admin tab is visible
2025-03-23 21:31:30 [main] INFO  com.orangehrm.test.LoginPageTest - user logout
2025-03-23 22:03:11 [main] INFO  com.orangehrm.test.DummyClass - Title matches
2025-03-23 22:03:23 [main] INFO  com.orangehrm.test.LoginPageTest - User logged in
2025-03-23 22:03:23 [main] INFO  com.orangehrm.test.LoginPageTest - Home Page loaded and Admin tab is visible
2025-03-23 22:03:29 [main] INFO  com.orangehrm.test.LoginPageTest - user logout
2025-03-23 22:14:34 [main] INFO  com.orangehrm.test.DummyClass - Title matches
2025-03-23 22:14:45 [main] INFO  com.orangehrm.test.LoginPageTest - User logged in
2025-03-23 22:14:45 [main] INFO  com.orangehrm.test.LoginPageTest - Home Page loaded and Admin tab is visible
2025-03-23 22:14:51 [main] INFO  com.orangehrm.test.LoginPageTest - user logout
2025-03-23 22:19:59 [main] INFO  com.orangehrm.test.DummyClass - Title matches
2025-03-23 22:20:09 [main] INFO  com.orangehrm.test.LoginPageTest - User logged in
2025-03-23 22:20:09 [main] INFO  com.orangehrm.test.LoginPageTest - Home Page loaded and Admin tab is visible
2025-03-23 22:20:15 [main] INFO  com.orangehrm.test.LoginPageTest - user logout
2025-03-23 22:32:49 [main] INFO  com.orangehrm.test.DummyClass - Title matches
2025-03-23 22:33:01 [main] INFO  com.orangehrm.test.LoginPageTest - User logged in
2025-03-23 22:33:02 [main] INFO  com.orangehrm.test.LoginPageTest - Home Page loaded and Admin tab is visible
2025-03-23 22:33:08 [main] INFO  com.orangehrm.test.LoginPageTest - user logout
2025-03-23 22:33:27 [main] INFO  com.orangehrm.test.DummyClass - Title matches
2025-03-23 22:33:37 [main] INFO  com.orangehrm.test.LoginPageTest - User logged in
2025-03-23 22:33:38 [main] INFO  com.orangehrm.test.LoginPageTest - Home Page loaded and Admin tab is visible
2025-03-23 22:33:43 [main] INFO  com.orangehrm.test.LoginPageTest - user logout
2025-04-02 15:10:09 [main] INFO  com.orangehrm.test.DummyClass - Title matches
2025-04-02 16:28:30 [main] INFO  com.orangehrm.test.DummyClass - Title matches
2025-04-02 16:41:09 [main] INFO  com.orangehrm.test.DummyClass - Title matches
2025-04-02 16:52:16 [main] INFO  com.orangehrm.test.DummyClass - Title matches
2025-04-02 16:53:43 [main] INFO  com.orangehrm.test.DummyClass - Title matches
2025-04-02 16:53:56 [main] INFO  com.orangehrm.test.LoginPageTest - User logged in
2025-04-02 16:59:13 [main] INFO  com.orangehrm.test.DummyClass - Title matches
2025-04-02 17:04:43 [main] INFO  com.orangehrm.test.DummyClass - Title matches
2025-04-02 17:10:18 [main] INFO  com.orangehrm.test.DummyClass - Title matches
2025-04-02 17:12:03 [main] INFO  com.orangehrm.test.DummyClass - Title matches
2025-04-02 17:16:59 [main] INFO  com.orangehrm.test.DummyClass - Title matches
2025-04-02 17:20:00 [main] INFO  com.orangehrm.test.DummyClass - Title matches
2025-04-02 17:26:57 [main] INFO  com.orangehrm.test.DummyClass - Title matches
2025-04-02 18:26:35 [main] INFO  com.orangehrm.test.DummyClass - Title matches
2025-04-02 18:45:42 [main] INFO  com.orangehrm.test.DummyClass - Title matches
2025-04-02 18:47:24 [main] INFO  com.orangehrm.test.LoginPageTest - User logged in
2025-04-02 18:51:18 [main] INFO  com.orangehrm.test.DummyClass - Title matches
2025-04-02 18:52:56 [main] INFO  com.orangehrm.test.LoginPageTest - User logged in
2025-04-02 18:52:57 [main] INFO  com.orangehrm.test.LoginPageTest - Home Page loaded and Admin tab is visible
2025-04-02 18:53:07 [main] INFO  com.orangehrm.test.LoginPageTest - user logout
2025-04-02 19:43:31 [main] INFO  com.orangehrm.test.DummyClass - Title matches
2025-04-02 19:46:09 [main] INFO  com.orangehrm.test.LoginPageTest - User logged in
2025-04-02 19:46:10 [main] INFO  com.orangehrm.test.LoginPageTest - Home Page loaded and Admin tab is visible
2025-04-02 19:46:17 [main] INFO  com.orangehrm.test.LoginPageTest - user logout
2025-04-02 21:40:31 [main] INFO  com.orangehrm.test.DummyClass - Title matches
2025-04-02 21:40:44 [main] INFO  com.orangehrm.test.LoginPageTest - User logged in
2025-04-02 21:40:45 [main] INFO  com.orangehrm.test.LoginPageTest - Home Page loaded and Admin tab is visible
2025-04-02 21:40:51 [main] INFO  com.orangehrm.test.LoginPageTest - user logout
2025-04-02 21:44:01 [main] INFO  com.orangehrm.test.DummyClass - Title matches
2025-04-02 21:44:11 [main] INFO  com.orangehrm.test.LoginPageTest - User logged in
2025-04-02 21:44:11 [main] INFO  com.orangehrm.test.LoginPageTest - Home Page loaded and Admin tab is visible
2025-04-02 21:44:18 [main] INFO  com.orangehrm.test.LoginPageTest - user logout
2025-04-02 21:46:13 [main] INFO  com.orangehrm.test.DummyClass - Title matches
2025-04-02 21:46:23 [main] INFO  com.orangehrm.test.LoginPageTest - User logged in
2025-04-02 21:46:24 [main] INFO  com.orangehrm.test.LoginPageTest - Home Page loaded and Admin tab is visible
2025-04-02 21:46:30 [main] INFO  com.orangehrm.test.LoginPageTest - user logout
2025-04-02 23:46:06 [main] INFO  com.orangehrm.test.DummyClass - Title matches
2025-04-05 01:33:34 [main] INFO  com.orangehrm.test.DummyClass - Title matches
2025-04-05 01:41:46 [main] INFO  com.orangehrm.test.DummyClass - Title matches
2025-04-05 01:56:45 [main] INFO  com.orangehrm.test.DummyClass - Title matches
2025-04-05 01:57:26 [main] INFO  com.orangehrm.test.DummyClass - Title matches
2025-04-05 02:36:43 [main] INFO  com.orangehrm.test.DummyClass - Title matches
2025-04-05 02:43:02 [main] INFO  com.orangehrm.test.DummyClass - Title matches
2025-04-05 02:43:12 [main] INFO  com.orangehrm.test.DummyClass - Title matches
2025-04-05 02:43:21 [main] INFO  com.orangehrm.test.DummyClass - Title matches
2025-04-05 02:53:44 [main] INFO  com.orangehrm.test.DummyClass - Title matches
2025-04-05 02:53:53 [main] INFO  com.orangehrm.test.DummyClass - Title matches
2025-04-05 02:54:02 [main] INFO  com.orangehrm.test.DummyClass - Title matches
2025-04-05 02:54:33 [main] INFO  com.orangehrm.test.LoginPageTest - User logged in
2025-04-05 02:54:33 [main] INFO  com.orangehrm.test.LoginPageTest - Home Page loaded and Admin tab is visible
2025-04-05 02:55:00 [main] INFO  com.orangehrm.test.LoginPageTest - user logout
2025-04-06 09:31:37 [main] INFO  com.orangehrm.test.DummyClass - Title matches
2025-04-06 09:32:14 [main] INFO  com.orangehrm.test.LoginPageTest - User logged in
2025-04-06 09:32:14 [main] INFO  com.orangehrm.test.LoginPageTest - Home Page loaded and Admin tab is visible
2025-04-06 09:32:41 [main] INFO  com.orangehrm.test.LoginPageTest - user logout
2025-04-06 09:49:45 [main] INFO  com.orangehrm.test.DummyClass - Title matches
2025-04-06 09:50:20 [main] INFO  com.orangehrm.test.LoginPageTest - User logged in
2025-04-06 09:50:22 [main] INFO  com.orangehrm.test.LoginPageTest - Home Page loaded and Admin tab is visible
2025-04-06 09:50:49 [main] INFO  com.orangehrm.test.LoginPageTest - user logout
2025-04-06 09:56:05 [main] INFO  com.orangehrm.test.DummyClass - Title matches
2025-04-06 09:56:39 [main] INFO  com.orangehrm.test.LoginPageTest - User logged in
2025-04-06 09:56:42 [main] INFO  com.orangehrm.test.LoginPageTest - Home Page loaded and Admin tab is visible
2025-04-06 09:57:09 [main] INFO  com.orangehrm.test.LoginPageTest - user logout
2025-04-06 10:00:40 [main] INFO  com.orangehrm.test.DummyClass - Title matches
2025-04-06 10:01:17 [main] INFO  com.orangehrm.test.LoginPageTest - User logged in
2025-04-06 10:01:19 [main] INFO  com.orangehrm.test.LoginPageTest - Home Page loaded and Admin tab is visible
2025-04-06 10:01:46 [main] INFO  com.orangehrm.test.LoginPageTest - user logout
2025-04-06 10:03:53 [main] INFO  com.orangehrm.test.DummyClass - Title matches
2025-04-06 10:10:50 [main] INFO  com.orangehrm.test.DummyClass - Title matches
2025-04-06 10:12:19 [main] INFO  com.orangehrm.test.LoginPageTest - User logged in
2025-04-06 10:13:07 [main] INFO  com.orangehrm.test.LoginPageTest - Home Page loaded and Admin tab is visible
2025-04-06 10:17:46 [main] INFO  com.orangehrm.test.LoginPageTest - user logout
2025-04-06 11:25:26 [main] INFO  com.orangehrm.test.DummyClass - Title matches
2025-04-06 11:25:35 [main] INFO  com.orangehrm.test.LoginPageTest - User logged in
2025-04-06 11:25:37 [main] INFO  com.orangehrm.test.LoginPageTest - Home Page loaded and Admin tab is visible
2025-04-06 11:25:44 [main] INFO  com.orangehrm.test.LoginPageTest - user logout
